<?xml version="1.0" encoding="UTF-8"?><testsuite errors="1" failures="0" name="searchtutorial.duckduckgo.WhenSearchingByKeywordInDuckDuckGo" skipped="0" tests="2" time="19.31" timestamp="2020-05-02 04:15:51"><testcase classname="searchtutorial.duckduckgo.WhenSearchingByKeywordInDuckDuckGo" name="Should see relevant search results"/><testcase classname="searchtutorial.duckduckgo.WhenSearchingByKeywordInDuckDuckGo" name="Wikipedia entry should show snippet"><error message="invalid selector: An invalid or illegal selector was specified&#10;  (Session info: chrome=81.0.4044.129)&#10;For documentation on this error, please visit: https://www.seleniumhq.org/exceptions/invalid_selector_exception.html&#10;Build info: version: '3.141.59', revision: 'e82be7d358', time: '2018-11-14T08:17:03'&#10;System info: host: 'MacBook.local', ip: 'fe80:0:0:0:1403:af6f:6a0c:d13e%en0', os.name: 'Mac OS X', os.arch: 'x86_64', os.version: '10.15.4', java.version: '1.8.0_144'&#10;Driver info: org.openqa.selenium.chrome.ChromeDriver&#10;Capabilities {acceptInsecureCerts: false, browserName: chrome, browserVersion: 81.0.4044.129, chrome: {chromedriverVersion: 81.0.4044.69 (6813546031a4b..., userDataDir: /var/folders/mh/3hlny9rj5_7...}, goog:chromeOptions: {debuggerAddress: localhost:60358}, javascriptEnabled: true, networkConnectionEnabled: false, pageLoadStrategy: normal, platform: MAC, platformName: MAC, proxy: Proxy(), setWindowRect: true, strictFileInteractability: false, timeouts: {implicit: 0, pageLoad: 300000, script: 30000}, unhandledPromptBehavior: dismiss and notify, webauthn:virtualAuthenticators: true}&#10;Session ID: 185227cd37af2ab6567e32ed074a55d6&#10;*** Element info: {Using=css selector, value=//div[contains(@class,'result__body') and (contains(.,'Cucumber (Cucumis sativus) is a widely cultivated plant in the gourd family')]}" type="org.openqa.selenium.InvalidSelectorException">invalid selector: An invalid or illegal selector was specified
  (Session info: chrome=81.0.4044.129)
For documentation on this error, please visit: https://www.seleniumhq.org/exceptions/invalid_selector_exception.html
Build info: version: '3.141.59', revision: 'e82be7d358', time: '2018-11-14T08:17:03'
System info: host: 'MacBook.local', ip: 'fe80:0:0:0:1403:af6f:6a0c:d13e%en0', os.name: 'Mac OS X', os.arch: 'x86_64', os.version: '10.15.4', java.version: '1.8.0_144'
Driver info: org.openqa.selenium.chrome.ChromeDriver
Capabilities {acceptInsecureCerts: false, browserName: chrome, browserVersion: 81.0.4044.129, chrome: {chromedriverVersion: 81.0.4044.69 (6813546031a4b..., userDataDir: /var/folders/mh/3hlny9rj5_7...}, goog:chromeOptions: {debuggerAddress: localhost:60358}, javascriptEnabled: true, networkConnectionEnabled: false, pageLoadStrategy: normal, platform: MAC, platformName: MAC, proxy: Proxy(), setWindowRect: true, strictFileInteractability: false, timeouts: {implicit: 0, pageLoad: 300000, script: 30000}, unhandledPromptBehavior: dismiss and notify, webauthn:virtualAuthenticators: true}
Session ID: 185227cd37af2ab6567e32ed074a55d6
*** Element info: {Using=css selector, value=//div[contains(@class,'result__body') and (contains(.,'Cucumber (Cucumis sativus) is a widely cultivated plant in the gourd family')]}</error><system-err>invalid selector: An invalid or illegal selector was specified
  (Session info: chrome=81.0.4044.129)
For documentation on this error, please visit: https://www.seleniumhq.org/exceptions/invalid_selector_exception.html
Build info: version: '3.141.59', revision: 'e82be7d358', time: '2018-11-14T08:17:03'
System info: host: 'MacBook.local', ip: 'fe80:0:0:0:1403:af6f:6a0c:d13e%en0', os.name: 'Mac OS X', os.arch: 'x86_64', os.version: '10.15.4', java.version: '1.8.0_144'
Driver info: org.openqa.selenium.chrome.ChromeDriver
Capabilities {acceptInsecureCerts: false, browserName: chrome, browserVersion: 81.0.4044.129, chrome: {chromedriverVersion: 81.0.4044.69 (6813546031a4b..., userDataDir: /var/folders/mh/3hlny9rj5_7...}, goog:chromeOptions: {debuggerAddress: localhost:60358}, javascriptEnabled: true, networkConnectionEnabled: false, pageLoadStrategy: normal, platform: MAC, platformName: MAC, proxy: Proxy(), setWindowRect: true, strictFileInteractability: false, timeouts: {implicit: 0, pageLoad: 300000, script: 30000}, unhandledPromptBehavior: dismiss and notify, webauthn:virtualAuthenticators: true}
Session ID: 185227cd37af2ab6567e32ed074a55d6
*** Element info: {Using=css selector, value=//div[contains(@class,'result__body') and (contains(.,'Cucumber (Cucumis sativus) is a widely cultivated plant in the gourd family')]}
searchtutorial.duckduckgo.pageobjects.DuckDuckGoResultPage.getSnippetForResultFrom(DuckDuckGoResultPage.java:24)
searchtutorial.duckduckgo.steps.DuckDuckGoSearcher.should_see_entry_snippet_with_contents(DuckDuckGoSearcher.java:45)
searchtutorial.duckduckgo.WhenSearchingByKeywordInDuckDuckGo.wikipedia_entry_should_show_snippet(WhenSearchingByKeywordInDuckDuckGo.java:34)
</system-err></testcase></testsuite>